0 info it worked if it ends with ok
1 verbose cli [ '/Users/bykovdenis/.nvm/versions/node/v6.10.3/bin/node',
1 verbose cli   '/Users/bykovdenis/.nvm/versions/node/v6.10.3/bin/npm',
1 verbose cli   'publish' ]
2 info using npm@3.10.10
3 info using node@v6.10.3
4 verbose publish [ '.' ]
5 silly cache add args [ '.', null ]
6 verbose cache add spec .
7 silly cache add parsed spec Result {
7 silly cache add   raw: '.',
7 silly cache add   scope: null,
7 silly cache add   escapedName: null,
7 silly cache add   name: null,
7 silly cache add   rawSpec: '.',
7 silly cache add   spec: '/Users/bykovdenis/www/react/public-npm/react-ds-buttons',
7 silly cache add   type: 'directory' }
8 verbose addLocalDirectory /Users/bykovdenis/.npm/react-ds-buttons/0.1.5/package.tgz not in flight; packing
9 verbose correctMkdir /Users/bykovdenis/.npm correctMkdir not in flight; initializing
10 info lifecycle react-ds-buttons@0.1.5~prepublish: react-ds-buttons@0.1.5
11 silly lifecycle react-ds-buttons@0.1.5~prepublish: no script for prepublish, continuing
12 verbose tar pack [ '/Users/bykovdenis/.npm/react-ds-buttons/0.1.5/package.tgz',
12 verbose tar pack   '/Users/bykovdenis/www/react/public-npm/react-ds-buttons' ]
13 verbose tarball /Users/bykovdenis/.npm/react-ds-buttons/0.1.5/package.tgz
14 verbose folder /Users/bykovdenis/www/react/public-npm/react-ds-buttons
15 verbose addLocalTarball adding from inside cache /Users/bykovdenis/.npm/react-ds-buttons/0.1.5/package.tgz
16 verbose correctMkdir /Users/bykovdenis/.npm correctMkdir not in flight; initializing
17 silly cache afterAdd react-ds-buttons@0.1.5
18 verbose afterAdd /Users/bykovdenis/.npm/react-ds-buttons/0.1.5/package/package.json not in flight; writing
19 verbose correctMkdir /Users/bykovdenis/.npm correctMkdir not in flight; initializing
20 verbose afterAdd /Users/bykovdenis/.npm/react-ds-buttons/0.1.5/package/package.json written
21 silly publish { name: 'react-ds-buttons',
21 silly publish   version: '0.1.5',
21 silly publish   description: 'Simple buttons components',
21 silly publish   main: 'build/index.js',
21 silly publish   peerDependencies: { react: '^16.4.2' },
21 silly publish   dependencies: { react: '^16.4.2', webpack: '^3.8.1' },
21 silly publish   scripts:
21 silly publish    { test: 'echo "Error: no test specified" && exit 1',
21 silly publish      start: 'webpack --watch',
21 silly publish      build: 'webpack',
21 silly publish      lib: 'babel src --out-dir lib --copy-files' },
21 silly publish   author: { name: 'Denis Bykov', email: 'stivenrain@gmail.com' },
21 silly publish   devDependencies:
21 silly publish    { 'babel-cli': '^6.24.1',
21 silly publish      'babel-core': '^6.24.1',
21 silly publish      'babel-loader': '^7.0.0',
21 silly publish      'babel-plugin-transform-object-rest-spread': '^6.23.0',
21 silly publish      'babel-plugin-transform-react-jsx': '^6.24.1',
21 silly publish      'babel-preset-env': '^1.5.1',
21 silly publish      'react-jss': '^8.6.1' },
21 silly publish   readme: 'Репозиторий для точечного компонента кнопки\n',
21 silly publish   readmeFilename: 'README.md',
21 silly publish   gitHead: '6c988391196af05d45ff291e49d070f847e03eff',
21 silly publish   _id: 'react-ds-buttons@0.1.5',
21 silly publish   _shasum: '4c5dbfe93958197d897b4a52d97834aef8d259c5',
21 silly publish   _from: '.' }
22 verbose getPublishConfig undefined
23 silly mapToRegistry name react-ds-buttons
24 silly mapToRegistry using default registry
25 silly mapToRegistry registry https://registry.npmjs.org/
26 silly mapToRegistry data Result {
26 silly mapToRegistry   raw: 'react-ds-buttons',
26 silly mapToRegistry   scope: null,
26 silly mapToRegistry   escapedName: 'react-ds-buttons',
26 silly mapToRegistry   name: 'react-ds-buttons',
26 silly mapToRegistry   rawSpec: '',
26 silly mapToRegistry   spec: 'latest',
26 silly mapToRegistry   type: 'tag' }
27 silly mapToRegistry uri https://registry.npmjs.org/react-ds-buttons
28 verbose publish registryBase https://registry.npmjs.org/
29 silly publish uploading /Users/bykovdenis/.npm/react-ds-buttons/0.1.5/package.tgz
30 verbose request uri https://registry.npmjs.org/react-ds-buttons
31 verbose request sending authorization for write operation
32 info attempt registry request try #1 at 2:14:13 AM
33 verbose request using bearer token for auth
34 verbose request id 6aeda966e706dc48
35 http request PUT https://registry.npmjs.org/react-ds-buttons
36 http 403 https://registry.npmjs.org/react-ds-buttons
37 verbose headers { date: 'Wed, 15 Aug 2018 23:14:15 GMT',
37 verbose headers   'content-type': 'application/json',
37 verbose headers   'transfer-encoding': 'chunked',
37 verbose headers   connection: 'keep-alive',
37 verbose headers   'set-cookie': [ '__cfduid=d60cdcc049fa76e7e68fb981f38898d051534374853; expires=Thu, 15-Aug-19 23:14:13 GMT; path=/; domain=.registry.npmjs.org; HttpOnly' ],
37 verbose headers   'cf-ray': '44af5b31cf0e909b-DME',
37 verbose headers   'expect-ct': 'max-age=604800, report-uri="https://report-uri.cloudflare.com/cdn-cgi/beacon/expect-ct"',
37 verbose headers   server: 'cloudflare',
37 verbose headers   'content-encoding': 'gzip' }
38 verbose request invalidating /Users/bykovdenis/.npm/registry.npmjs.org/react-ds-buttons on PUT
39 error publish Failed PUT 403
40 verbose stack Error: You cannot publish over the previously published versions: 0.1.5. : react-ds-buttons
40 verbose stack     at makeError (/Users/bykovdenis/.nvm/versions/node/v6.10.3/lib/node_modules/npm/node_modules/npm-registry-client/lib/request.js:302:12)
40 verbose stack     at CachingRegistryClient.<anonymous> (/Users/bykovdenis/.nvm/versions/node/v6.10.3/lib/node_modules/npm/node_modules/npm-registry-client/lib/request.js:290:14)
40 verbose stack     at /Users/bykovdenis/.nvm/versions/node/v6.10.3/lib/node_modules/npm/node_modules/npm-registry-client/lib/request.js:216:7
40 verbose stack     at Gunzip.onEnd (zlib.js:227:5)
40 verbose stack     at emitNone (events.js:91:20)
40 verbose stack     at Gunzip.emit (events.js:185:7)
40 verbose stack     at endReadableNT (_stream_readable.js:974:12)
40 verbose stack     at _combinedTickCallback (internal/process/next_tick.js:80:11)
40 verbose stack     at process._tickCallback (internal/process/next_tick.js:104:9)
41 verbose statusCode 403
42 verbose pkgid react-ds-buttons
43 verbose cwd /Users/bykovdenis/www/react/public-npm/react-ds-buttons
44 error Darwin 17.7.0
45 error argv "/Users/bykovdenis/.nvm/versions/node/v6.10.3/bin/node" "/Users/bykovdenis/.nvm/versions/node/v6.10.3/bin/npm" "publish"
46 error node v6.10.3
47 error npm  v3.10.10
48 error code E403
49 error You cannot publish over the previously published versions: 0.1.5. : react-ds-buttons
50 error If you need help, you may report this error at:
50 error     <https://github.com/npm/npm/issues>
51 verbose exit [ 1, true ]
