Arguments: 
  /Users/bykovdenis/.nvm/versions/node/v6.10.3/bin/node /usr/local/bin/yarn lib

PATH: 
  /Users/bykovdenis/.rvm/gems/ruby-2.3.1/bin:/Users/bykovdenis/.rvm/gems/ruby-2.3.1@global/bin:/Users/bykovdenis/.rvm/rubies/ruby-2.3.1/bin:/Users/bykovdenis/.nvm/versions/node/v6.10.3/bin:/usr/local/bin:/usr/bin:/bin:/usr/sbin:/sbin:/opt/X11/bin:/Users/bykovdenis/www/depot_tools:/Users/bykovdenis/.rvm/bin

Yarn version: 
  1.8.0

Node version: 
  6.10.3

Platform: 
  darwin x64

Trace: 
  SyntaxError: /Users/bykovdenis/www/react/public-npm/react-ds-buttons/package.json: Unexpected token } in JSON at position 449
      at Object.parse (native)
      at /usr/local/lib/node_modules/yarn/lib/cli.js:1130:59
      at next (native)
      at step (/usr/local/lib/node_modules/yarn/lib/cli.js:98:30)
      at /usr/local/lib/node_modules/yarn/lib/cli.js:109:13

npm manifest: 
  {
    "name": "react-ds-buttons",
    "version": "0.1.5",
    "description": "Simple buttons components",
    "main": "build/index.js",
    "peerDependencies": {
      "react": "^16.4.2"
    },
    "dependencies": {
      "react": "^16.4.2",
      "webpack": "^3.8.1"
    },
    "scripts": {
      "test": "echo \"Error: no test specified\" && exit 1",
      "start": "webpack --watch",
      "build": "webpack",
      "lib": "babel src/node_modules --out-dir lib --copy-files",
    },
    "author": {
      "name": "Denis Bykov",
      "email": "stivenrain@gmail.com"
    },
    "devDependencies": {
      "babel-cli": "^6.24.1",
      "babel-core": "^6.24.1",
      "babel-loader": "^7.0.0",
      "babel-plugin-transform-object-rest-spread": "^6.23.0",
      "babel-plugin-transform-react-jsx": "^6.24.1",
      "babel-preset-env": "^1.5.1"
    }
  }

yarn manifest: 
  No manifest

Lockfile: 
  No lockfile
